<?xml version="1.0" encoding="UTF-8"?>
<!-- Generated by org.testng.reporters.JUnitReportReporter -->
<testsuite hostname="SYNPS6143372" name="main.NewUserStories.ParalellTestCases" tests="3" failures="0" timestamp="21 Aug 2019 11:02:24 GMT" time="116.431" errors="0">
  <testcase name="MyThirdRun" time="42.128" classname="main.NewUserStories.ParalellTestCases"/>
  <testcase name="MyFirstRun" time="43.183" classname="main.NewUserStories.ParalellTestCases"/>
  <testcase name="MySecondRun" time="31.120" classname="main.NewUserStories.ParalellTestCases"/>
</testsuite> <!-- main.NewUserStories.ParalellTestCases -->
